<?xml version="1.0" encoding="UTF-8"?>
<testng-results skipped="0" failed="0" ignored="0" total="1" passed="1">
  <reporter-output>
  </reporter-output>
  <suite name="Automation Test Suite" duration-ms="5794" started-at="2021-06-09T21:34:36Z" finished-at="2021-06-09T21:34:42Z">
    <groups>
      <group name="cucumber">
        <method signature="LoginRunner.feature(cucumber.api.testng.CucumberFeatureWrapper)[pri:0, instance:swaglabs.myrunner.LoginRunner@687e99d8]" name="feature" class="swaglabs.myrunner.LoginRunner"/>
      </group> <!-- cucumber -->
    </groups>
    <test name="Swag Demo Login test" duration-ms="5794" started-at="2021-06-09T21:34:36Z" finished-at="2021-06-09T21:34:42Z">
      <class name="swaglabs.myrunner.LoginRunner">
        <test-method status="PASS" signature="setUpClass()[pri:0, instance:swaglabs.myrunner.LoginRunner@687e99d8]" name="setUpClass" is-config="true" duration-ms="229" started-at="2021-06-09T21:34:36Z" finished-at="2021-06-09T21:34:37Z">
          <reporter-output>
          </reporter-output>
        </test-method> <!-- setUpClass -->
        <test-method status="PASS" signature="feature(cucumber.api.testng.CucumberFeatureWrapper)[pri:0, instance:swaglabs.myrunner.LoginRunner@687e99d8]" name="feature" duration-ms="5319" started-at="2021-06-09T21:34:37Z" description="Runs LoginCandiate Feature" data-provider="features" finished-at="2021-06-09T21:34:42Z">
          <params>
            <param index="0">
              <value>
                <![CDATA[As a Swag Labs customer who is not locked out, I need to be able to log in so that I can purchase Sauce Labs merch.]]>
              </value>
            </param>
          </params>
          <reporter-output>
          </reporter-output>
        </test-method> <!-- feature -->
        <test-method status="PASS" signature="tearDownClass()[pri:0, instance:swaglabs.myrunner.LoginRunner@687e99d8]" name="tearDownClass" is-config="true" duration-ms="7" started-at="2021-06-09T21:34:42Z" finished-at="2021-06-09T21:34:42Z">
          <reporter-output>
          </reporter-output>
        </test-method> <!-- tearDownClass -->
      </class> <!-- swaglabs.myrunner.LoginRunner -->
    </test> <!-- Swag Demo Login test -->
  </suite> <!-- Automation Test Suite -->
</testng-results>
